<?xml version="1.0" encoding="UTF-8"?>
<testng-results ignored="0" total="3" passed="3" failed="0" skipped="0">
  <reporter-output>
    <line>
      <![CDATA[hello world]]>
    </line>
    <line>
      <![CDATA[hello India]]>
    </line>
    <line>
      <![CDATA[hello bangalore]]>
    </line>
  </reporter-output>
  <suite started-at="2024-09-20T11:44:18 IST" name="Suite" finished-at="2024-09-20T11:44:18 IST" duration-ms="49">
    <groups>
    </groups>
    <test started-at="2024-09-20T11:44:18 IST" name="Test" finished-at="2024-09-20T11:44:18 IST" duration-ms="49">
      <class name="qsp.Demo1">
        <test-method signature="test1()[pri:0, instance:qsp.Demo1@2f6e28bc]" started-at="2024-09-20T11:44:18 IST" name="test1" finished-at="2024-09-20T11:44:18 IST" duration-ms="5" status="PASS">
          <reporter-output>
            <line>
              <![CDATA[hello world]]>
            </line>
          </reporter-output>
        </test-method> <!-- test1 -->
        <test-method signature="test2()[pri:0, instance:qsp.Demo1@2f6e28bc]" started-at="2024-09-20T11:44:18 IST" name="test2" finished-at="2024-09-20T11:44:18 IST" duration-ms="2" status="PASS">
          <reporter-output>
            <line>
              <![CDATA[hello India]]>
            </line>
          </reporter-output>
        </test-method> <!-- test2 -->
      </class> <!-- qsp.Demo1 -->
      <class name="qsp.Demo2">
        <test-method signature="test3()[pri:0, instance:qsp.Demo2@278bb07e]" started-at="2024-09-20T11:44:18 IST" name="test3" finished-at="2024-09-20T11:44:18 IST" duration-ms="1" status="PASS">
          <reporter-output>
            <line>
              <![CDATA[hello bangalore]]>
            </line>
          </reporter-output>
        </test-method> <!-- test3 -->
      </class> <!-- qsp.Demo2 -->
    </test> <!-- Test -->
  </suite> <!-- Suite -->
</testng-results>
